{"/home/zainal/hactiv8/phase2/week3/individual project/IP-HCK71/server/app.js": {"path":"/home/zainal/hactiv8/phase2/week3/individual project/IP-HCK71/server/app.js","statementMap":{"0":{"start":{"line":1,"column":0},"end":{"line":3,"column":1}},"1":{"start":{"line":2,"column":2},"end":{"line":2,"column":29}},"2":{"start":{"line":5,"column":16},"end":{"line":5,"column":34}},"3":{"start":{"line":6,"column":12},"end":{"line":6,"column":21}},"4":{"start":{"line":8,"column":13},"end":{"line":8,"column":28}},"5":{"start":{"line":10,"column":15},"end":{"line":10,"column":41}},"6":{"start":{"line":12,"column":0},"end":{"line":12,"column":16}},"7":{"start":{"line":14,"column":0},"end":{"line":14,"column":48}},"8":{"start":{"line":15,"column":0},"end":{"line":15,"column":24}},"9":{"start":{"line":17,"column":0},"end":{"line":17,"column":21}},"10":{"start":{"line":19,"column":0},"end":{"line":19,"column":21}}},"fnMap":{},"branchMap":{"0":{"loc":{"start":{"line":1,"column":0},"end":{"line":3,"column":1}},"type":"if","locations":[{"start":{"line":1,"column":0},"end":{"line":3,"column":1}},{"start":{},"end":{}}],"line":1}},"s":{"0":1,"1":1,"2":1,"3":1,"4":1,"5":1,"6":1,"7":1,"8":1,"9":1,"10":1},"f":{},"b":{"0":[1,0]},"_coverageSchema":"1a1c01bbd47fc00a2c39e90264f33305004495a9","hash":"a1972e9ff2521800f9f723e3773e7eb060cf6ce9"}
,"/home/zainal/hactiv8/phase2/week3/individual project/IP-HCK71/server/controllers/CommentController.js": {"path":"/home/zainal/hactiv8/phase2/week3/individual project/IP-HCK71/server/controllers/CommentController.js","statementMap":{"0":{"start":{"line":1,"column":26},"end":{"line":1,"column":52}},"1":{"start":{"line":5,"column":4},"end":{"line":17,"column":5}},"2":{"start":{"line":6,"column":24},"end":{"line":6,"column":32}},"3":{"start":{"line":8,"column":19},"end":{"line":11,"column":8}},"4":{"start":{"line":13,"column":6},"end":{"line":13,"column":65}},"5":{"start":{"line":15,"column":26},"end":{"line":15,"column":81}},"6":{"start":{"line":16,"column":6},"end":{"line":16,"column":18}},"7":{"start":{"line":20,"column":4},"end":{"line":38,"column":5}},"8":{"start":{"line":21,"column":19},"end":{"line":21,"column":29}},"9":{"start":{"line":22,"column":24},"end":{"line":22,"column":32}},"10":{"start":{"line":24,"column":27},"end":{"line":24,"column":53}},"11":{"start":{"line":26,"column":6},"end":{"line":28,"column":7}},"12":{"start":{"line":27,"column":8},"end":{"line":27,"column":63}},"13":{"start":{"line":30,"column":6},"end":{"line":33,"column":9}},"14":{"start":{"line":35,"column":6},"end":{"line":35,"column":47}},"15":{"start":{"line":37,"column":6},"end":{"line":37,"column":18}},"16":{"start":{"line":42,"column":4},"end":{"line":58,"column":5}},"17":{"start":{"line":43,"column":19},"end":{"line":43,"column":29}},"18":{"start":{"line":45,"column":27},"end":{"line":45,"column":53}},"19":{"start":{"line":47,"column":6},"end":{"line":49,"column":7}},"20":{"start":{"line":48,"column":8},"end":{"line":48,"column":63}},"21":{"start":{"line":51,"column":6},"end":{"line":51,"column":37}},"22":{"start":{"line":53,"column":6},"end":{"line":55,"column":74}},"23":{"start":{"line":57,"column":6},"end":{"line":57,"column":18}},"24":{"start":{"line":61,"column":4},"end":{"line":66,"column":5}},"25":{"start":{"line":62,"column":23},"end":{"line":62,"column":46}},"26":{"start":{"line":63,"column":6},"end":{"line":63,"column":43}},"27":{"start":{"line":65,"column":6},"end":{"line":65,"column":18}},"28":{"start":{"line":70,"column":0},"end":{"line":70,"column":35}},"29":{"start":{"line":77,"column":85},"end":{"line":77,"column":38856}},"30":{"start":{"line":77,"column":89},"end":{"line":77,"column":38845}}},"fnMap":{"0":{"name":"(anonymous_0)","decl":{"start":{"line":4,"column":2},"end":{"line":4,"column":3}},"loc":{"start":{"line":4,"column":43},"end":{"line":18,"column":3}},"line":4},"1":{"name":"(anonymous_1)","decl":{"start":{"line":19,"column":2},"end":{"line":19,"column":3}},"loc":{"start":{"line":19,"column":49},"end":{"line":39,"column":3}},"line":19},"2":{"name":"(anonymous_2)","decl":{"start":{"line":41,"column":2},"end":{"line":41,"column":3}},"loc":{"start":{"line":41,"column":49},"end":{"line":59,"column":3}},"line":41},"3":{"name":"(anonymous_3)","decl":{"start":{"line":60,"column":2},"end":{"line":60,"column":3}},"loc":{"start":{"line":60,"column":42},"end":{"line":67,"column":3}},"line":60},"4":{"name":"oo_cm","decl":{"start":{"line":77,"column":77},"end":{"line":77,"column":82}},"loc":{"start":{"line":77,"column":84},"end":{"line":77,"column":38857}},"line":77}},"branchMap":{"0":{"loc":{"start":{"line":26,"column":6},"end":{"line":28,"column":7}},"type":"if","locations":[{"start":{"line":26,"column":6},"end":{"line":28,"column":7}},{"start":{},"end":{}}],"line":26},"1":{"loc":{"start":{"line":47,"column":6},"end":{"line":49,"column":7}},"type":"if","locations":[{"start":{"line":47,"column":6},"end":{"line":49,"column":7}},{"start":{},"end":{}}],"line":47},"2":{"loc":{"start":{"line":77,"column":96},"end":{"line":77,"column":38844}},"type":"binary-expr","locations":[{"start":{"line":77,"column":96},"end":{"line":77,"column":133}},{"start":{"line":77,"column":137},"end":{"line":77,"column":38844}}],"line":77}},"s":{"0":1,"1":0,"2":0,"3":0,"4":0,"5":0,"6":0,"7":0,"8":0,"9":0,"10":0,"11":0,"12":0,"13":0,"14":0,"15":0,"16":0,"17":0,"18":0,"19":0,"20":0,"21":0,"22":0,"23":0,"24":0,"25":0,"26":0,"27":0,"28":1,"29":0,"30":0},"f":{"0":0,"1":0,"2":0,"3":0,"4":0},"b":{"0":[0,0],"1":[0,0],"2":[0,0]},"_coverageSchema":"1a1c01bbd47fc00a2c39e90264f33305004495a9","hash":"4408f76c7063e7623a9072f5529acfad8d2b9f87"}
,"/home/zainal/hactiv8/phase2/week3/individual project/IP-HCK71/server/controllers/LoginController.js": {"path":"/home/zainal/hactiv8/phase2/week3/individual project/IP-HCK71/server/controllers/LoginController.js","statementMap":{"0":{"start":{"line":1,"column":17},"end":{"line":1,"column":43}},"1":{"start":{"line":2,"column":28},"end":{"line":2,"column":56}},"2":{"start":{"line":3,"column":22},"end":{"line":3,"column":47}},"3":{"start":{"line":4,"column":25},"end":{"line":4,"column":55}},"4":{"start":{"line":5,"column":15},"end":{"line":5,"column":33}},"5":{"start":{"line":9,"column":4},"end":{"line":26,"column":5}},"6":{"start":{"line":10,"column":32},"end":{"line":10,"column":40}},"7":{"start":{"line":11,"column":6},"end":{"line":13,"column":7}},"8":{"start":{"line":12,"column":8},"end":{"line":12,"column":68}},"9":{"start":{"line":14,"column":6},"end":{"line":16,"column":7}},"10":{"start":{"line":15,"column":8},"end":{"line":15,"column":74}},"11":{"start":{"line":18,"column":17},"end":{"line":18,"column":57}},"12":{"start":{"line":19,"column":6},"end":{"line":21,"column":7}},"13":{"start":{"line":20,"column":8},"end":{"line":20,"column":74}},"14":{"start":{"line":23,"column":6},"end":{"line":23,"column":73}},"15":{"start":{"line":25,"column":6},"end":{"line":25,"column":18}},"16":{"start":{"line":29,"column":4},"end":{"line":49,"column":5}},"17":{"start":{"line":30,"column":31},"end":{"line":30,"column":42}},"18":{"start":{"line":31,"column":21},"end":{"line":34,"column":8}},"19":{"start":{"line":36,"column":22},"end":{"line":36,"column":41}},"20":{"start":{"line":38,"column":30},"end":{"line":45,"column":8}},"21":{"start":{"line":46,"column":6},"end":{"line":46,"column":73}},"22":{"start":{"line":48,"column":6},"end":{"line":48,"column":18}},"23":{"start":{"line":53,"column":0},"end":{"line":53,"column":33}}},"fnMap":{"0":{"name":"(anonymous_0)","decl":{"start":{"line":8,"column":2},"end":{"line":8,"column":3}},"loc":{"start":{"line":8,"column":37},"end":{"line":27,"column":3}},"line":8},"1":{"name":"(anonymous_1)","decl":{"start":{"line":28,"column":2},"end":{"line":28,"column":3}},"loc":{"start":{"line":28,"column":45},"end":{"line":50,"column":3}},"line":28}},"branchMap":{"0":{"loc":{"start":{"line":11,"column":6},"end":{"line":13,"column":7}},"type":"if","locations":[{"start":{"line":11,"column":6},"end":{"line":13,"column":7}},{"start":{},"end":{}}],"line":11},"1":{"loc":{"start":{"line":14,"column":6},"end":{"line":16,"column":7}},"type":"if","locations":[{"start":{"line":14,"column":6},"end":{"line":16,"column":7}},{"start":{},"end":{}}],"line":14},"2":{"loc":{"start":{"line":19,"column":6},"end":{"line":21,"column":7}},"type":"if","locations":[{"start":{"line":19,"column":6},"end":{"line":21,"column":7}},{"start":{},"end":{}}],"line":19},"3":{"loc":{"start":{"line":19,"column":10},"end":{"line":19,"column":60}},"type":"binary-expr","locations":[{"start":{"line":19,"column":10},"end":{"line":19,"column":15}},{"start":{"line":19,"column":19},"end":{"line":19,"column":60}}],"line":19}},"s":{"0":1,"1":1,"2":1,"3":1,"4":1,"5":5,"6":5,"7":5,"8":1,"9":4,"10":1,"11":3,"12":3,"13":2,"14":1,"15":4,"16":0,"17":0,"18":0,"19":0,"20":0,"21":0,"22":0,"23":1},"f":{"0":5,"1":0},"b":{"0":[1,4],"1":[1,3],"2":[2,1],"3":[3,1]},"_coverageSchema":"1a1c01bbd47fc00a2c39e90264f33305004495a9","hash":"b8d827571f58cdbddb0115fa00813fcf88bf7069"}
,"/home/zainal/hactiv8/phase2/week3/individual project/IP-HCK71/server/controllers/RegisterController.js": {"path":"/home/zainal/hactiv8/phase2/week3/individual project/IP-HCK71/server/controllers/RegisterController.js","statementMap":{"0":{"start":{"line":1,"column":17},"end":{"line":1,"column":43}},"1":{"start":{"line":5,"column":4},"end":{"line":23,"column":5}},"2":{"start":{"line":6,"column":42},"end":{"line":6,"column":50}},"3":{"start":{"line":8,"column":17},"end":{"line":12,"column":8}},"4":{"start":{"line":14,"column":6},"end":{"line":20,"column":9}},"5":{"start":{"line":22,"column":6},"end":{"line":22,"column":18}},"6":{"start":{"line":27,"column":0},"end":{"line":27,"column":36}}},"fnMap":{"0":{"name":"(anonymous_0)","decl":{"start":{"line":4,"column":2},"end":{"line":4,"column":3}},"loc":{"start":{"line":4,"column":40},"end":{"line":24,"column":3}},"line":4}},"branchMap":{},"s":{"0":1,"1":0,"2":0,"3":0,"4":0,"5":0,"6":1},"f":{"0":0},"b":{},"_coverageSchema":"1a1c01bbd47fc00a2c39e90264f33305004495a9","hash":"ac24c9796e864ae8919025c4dd148f8982c192ec"}
,"/home/zainal/hactiv8/phase2/week3/individual project/IP-HCK71/server/helpers/bcrypt.js": {"path":"/home/zainal/hactiv8/phase2/week3/individual project/IP-HCK71/server/helpers/bcrypt.js","statementMap":{"0":{"start":{"line":1,"column":34},"end":{"line":1,"column":53}},"1":{"start":{"line":4,"column":2},"end":{"line":4,"column":32}},"2":{"start":{"line":8,"column":2},"end":{"line":8,"column":47}},"3":{"start":{"line":11,"column":0},"end":{"line":11,"column":51}}},"fnMap":{"0":{"name":"hashPassword","decl":{"start":{"line":3,"column":9},"end":{"line":3,"column":21}},"loc":{"start":{"line":3,"column":32},"end":{"line":5,"column":1}},"line":3},"1":{"name":"comparePassword","decl":{"start":{"line":7,"column":9},"end":{"line":7,"column":24}},"loc":{"start":{"line":7,"column":51},"end":{"line":9,"column":1}},"line":7}},"branchMap":{},"s":{"0":1,"1":1,"2":1,"3":1},"f":{"0":1,"1":1},"b":{},"_coverageSchema":"1a1c01bbd47fc00a2c39e90264f33305004495a9","hash":"ce619ef2daf863934c167f2af308d064159af21a"}
,"/home/zainal/hactiv8/phase2/week3/individual project/IP-HCK71/server/helpers/jwt.js": {"path":"/home/zainal/hactiv8/phase2/week3/individual project/IP-HCK71/server/helpers/jwt.js","statementMap":{"0":{"start":{"line":1,"column":22},"end":{"line":1,"column":45}},"1":{"start":{"line":2,"column":15},"end":{"line":2,"column":37}},"2":{"start":{"line":4,"column":0},"end":{"line":7,"column":1}},"3":{"start":{"line":5,"column":28},"end":{"line":5,"column":48}},"4":{"start":{"line":6,"column":28},"end":{"line":6,"column":49}}},"fnMap":{"0":{"name":"(anonymous_0)","decl":{"start":{"line":5,"column":15},"end":{"line":5,"column":16}},"loc":{"start":{"line":5,"column":28},"end":{"line":5,"column":48}},"line":5},"1":{"name":"(anonymous_1)","decl":{"start":{"line":6,"column":17},"end":{"line":6,"column":18}},"loc":{"start":{"line":6,"column":28},"end":{"line":6,"column":49}},"line":6}},"branchMap":{},"s":{"0":1,"1":1,"2":1,"3":1,"4":0},"f":{"0":1,"1":0},"b":{},"_coverageSchema":"1a1c01bbd47fc00a2c39e90264f33305004495a9","hash":"387411f0712aeecd4b60cbf6eb1db5fb822e6ccf"}
,"/home/zainal/hactiv8/phase2/week3/individual project/IP-HCK71/server/middleware/authentication.js": {"path":"/home/zainal/hactiv8/phase2/week3/individual project/IP-HCK71/server/middleware/authentication.js","statementMap":{"0":{"start":{"line":1,"column":26},"end":{"line":1,"column":52}},"1":{"start":{"line":2,"column":24},"end":{"line":2,"column":49}},"2":{"start":{"line":4,"column":23},"end":{"line":30,"column":1}},"3":{"start":{"line":5,"column":2},"end":{"line":29,"column":3}},"4":{"start":{"line":6,"column":24},"end":{"line":6,"column":49}},"5":{"start":{"line":7,"column":4},"end":{"line":9,"column":5}},"6":{"start":{"line":8,"column":6},"end":{"line":8,"column":63}},"7":{"start":{"line":10,"column":26},"end":{"line":10,"column":48}},"8":{"start":{"line":11,"column":4},"end":{"line":13,"column":5}},"9":{"start":{"line":12,"column":6},"end":{"line":12,"column":63}},"10":{"start":{"line":14,"column":17},"end":{"line":14,"column":35}},"11":{"start":{"line":15,"column":19},"end":{"line":15,"column":26}},"12":{"start":{"line":17,"column":17},"end":{"line":17,"column":44}},"13":{"start":{"line":19,"column":4},"end":{"line":21,"column":5}},"14":{"start":{"line":20,"column":6},"end":{"line":20,"column":63}},"15":{"start":{"line":22,"column":4},"end":{"line":25,"column":6}},"16":{"start":{"line":26,"column":4},"end":{"line":26,"column":11}},"17":{"start":{"line":28,"column":4},"end":{"line":28,"column":16}},"18":{"start":{"line":32,"column":22},"end":{"line":48,"column":1}},"19":{"start":{"line":33,"column":2},"end":{"line":47,"column":3}},"20":{"start":{"line":34,"column":20},"end":{"line":34,"column":57}},"21":{"start":{"line":35,"column":4},"end":{"line":35,"column":73}},"22":{"start":{"line":35,"column":18},"end":{"line":35,"column":73}},"23":{"start":{"line":36,"column":4},"end":{"line":44,"column":5}},"24":{"start":{"line":37,"column":6},"end":{"line":41,"column":7}},"25":{"start":{"line":38,"column":8},"end":{"line":38,"column":15}},"26":{"start":{"line":40,"column":8},"end":{"line":40,"column":62}},"27":{"start":{"line":43,"column":6},"end":{"line":43,"column":60}},"28":{"start":{"line":46,"column":4},"end":{"line":46,"column":16}},"29":{"start":{"line":50,"column":0},"end":{"line":53,"column":2}}},"fnMap":{"0":{"name":"(anonymous_0)","decl":{"start":{"line":4,"column":23},"end":{"line":4,"column":24}},"loc":{"start":{"line":4,"column":49},"end":{"line":30,"column":1}},"line":4},"1":{"name":"(anonymous_1)","decl":{"start":{"line":32,"column":22},"end":{"line":32,"column":23}},"loc":{"start":{"line":32,"column":48},"end":{"line":48,"column":1}},"line":32}},"branchMap":{"0":{"loc":{"start":{"line":7,"column":4},"end":{"line":9,"column":5}},"type":"if","locations":[{"start":{"line":7,"column":4},"end":{"line":9,"column":5}},{"start":{},"end":{}}],"line":7},"1":{"loc":{"start":{"line":11,"column":4},"end":{"line":13,"column":5}},"type":"if","locations":[{"start":{"line":11,"column":4},"end":{"line":13,"column":5}},{"start":{},"end":{}}],"line":11},"2":{"loc":{"start":{"line":11,"column":8},"end":{"line":11,"column":35}},"type":"binary-expr","locations":[{"start":{"line":11,"column":8},"end":{"line":11,"column":25}},{"start":{"line":11,"column":29},"end":{"line":11,"column":35}}],"line":11},"3":{"loc":{"start":{"line":19,"column":4},"end":{"line":21,"column":5}},"type":"if","locations":[{"start":{"line":19,"column":4},"end":{"line":21,"column":5}},{"start":{},"end":{}}],"line":19},"4":{"loc":{"start":{"line":35,"column":4},"end":{"line":35,"column":73}},"type":"if","locations":[{"start":{"line":35,"column":4},"end":{"line":35,"column":73}},{"start":{},"end":{}}],"line":35},"5":{"loc":{"start":{"line":36,"column":4},"end":{"line":44,"column":5}},"type":"if","locations":[{"start":{"line":36,"column":4},"end":{"line":44,"column":5}},{"start":{"line":42,"column":11},"end":{"line":44,"column":5}}],"line":36},"6":{"loc":{"start":{"line":37,"column":6},"end":{"line":41,"column":7}},"type":"if","locations":[{"start":{"line":37,"column":6},"end":{"line":41,"column":7}},{"start":{"line":39,"column":13},"end":{"line":41,"column":7}}],"line":37}},"s":{"0":1,"1":1,"2":1,"3":0,"4":0,"5":0,"6":0,"7":0,"8":0,"9":0,"10":0,"11":0,"12":0,"13":0,"14":0,"15":0,"16":0,"17":0,"18":1,"19":0,"20":0,"21":0,"22":0,"23":0,"24":0,"25":0,"26":0,"27":0,"28":0,"29":1},"f":{"0":0,"1":0},"b":{"0":[0,0],"1":[0,0],"2":[0,0],"3":[0,0],"4":[0,0],"5":[0,0],"6":[0,0]},"_coverageSchema":"1a1c01bbd47fc00a2c39e90264f33305004495a9","hash":"3c74d380c6b14fe41453e46478e2a95cb58f328f"}
,"/home/zainal/hactiv8/phase2/week3/individual project/IP-HCK71/server/middleware/errorhandler.js": {"path":"/home/zainal/hactiv8/phase2/week3/individual project/IP-HCK71/server/middleware/errorhandler.js","statementMap":{"0":{"start":{"line":1,"column":21},"end":{"line":26,"column":1}},"1":{"start":{"line":2,"column":2},"end":{"line":25,"column":3}},"2":{"start":{"line":3,"column":4},"end":{"line":3,"column":58}},"3":{"start":{"line":4,"column":9},"end":{"line":25,"column":3}},"4":{"start":{"line":5,"column":4},"end":{"line":5,"column":58}},"5":{"start":{"line":6,"column":9},"end":{"line":25,"column":3}},"6":{"start":{"line":7,"column":4},"end":{"line":9,"column":65}},"7":{"start":{"line":9,"column":49},"end":{"line":9,"column":60}},"8":{"start":{"line":10,"column":9},"end":{"line":25,"column":3}},"9":{"start":{"line":11,"column":4},"end":{"line":11,"column":58}},"10":{"start":{"line":12,"column":9},"end":{"line":25,"column":3}},"11":{"start":{"line":13,"column":4},"end":{"line":13,"column":58}},"12":{"start":{"line":14,"column":9},"end":{"line":25,"column":3}},"13":{"start":{"line":15,"column":4},"end":{"line":15,"column":58}},"14":{"start":{"line":16,"column":9},"end":{"line":25,"column":3}},"15":{"start":{"line":20,"column":4},"end":{"line":20,"column":58}},"16":{"start":{"line":21,"column":9},"end":{"line":25,"column":3}},"17":{"start":{"line":22,"column":4},"end":{"line":22,"column":58}},"18":{"start":{"line":24,"column":4},"end":{"line":24,"column":68}},"19":{"start":{"line":28,"column":0},"end":{"line":30,"column":2}}},"fnMap":{"0":{"name":"(anonymous_0)","decl":{"start":{"line":1,"column":21},"end":{"line":1,"column":22}},"loc":{"start":{"line":1,"column":57},"end":{"line":26,"column":1}},"line":1},"1":{"name":"(anonymous_1)","decl":{"start":{"line":9,"column":40},"end":{"line":9,"column":41}},"loc":{"start":{"line":9,"column":49},"end":{"line":9,"column":60}},"line":9}},"branchMap":{"0":{"loc":{"start":{"line":2,"column":2},"end":{"line":25,"column":3}},"type":"if","locations":[{"start":{"line":2,"column":2},"end":{"line":25,"column":3}},{"start":{"line":4,"column":9},"end":{"line":25,"column":3}}],"line":2},"1":{"loc":{"start":{"line":4,"column":9},"end":{"line":25,"column":3}},"type":"if","locations":[{"start":{"line":4,"column":9},"end":{"line":25,"column":3}},{"start":{"line":6,"column":9},"end":{"line":25,"column":3}}],"line":4},"2":{"loc":{"start":{"line":6,"column":9},"end":{"line":25,"column":3}},"type":"if","locations":[{"start":{"line":6,"column":9},"end":{"line":25,"column":3}},{"start":{"line":10,"column":9},"end":{"line":25,"column":3}}],"line":6},"3":{"loc":{"start":{"line":10,"column":9},"end":{"line":25,"column":3}},"type":"if","locations":[{"start":{"line":10,"column":9},"end":{"line":25,"column":3}},{"start":{"line":12,"column":9},"end":{"line":25,"column":3}}],"line":10},"4":{"loc":{"start":{"line":12,"column":9},"end":{"line":25,"column":3}},"type":"if","locations":[{"start":{"line":12,"column":9},"end":{"line":25,"column":3}},{"start":{"line":14,"column":9},"end":{"line":25,"column":3}}],"line":12},"5":{"loc":{"start":{"line":14,"column":9},"end":{"line":25,"column":3}},"type":"if","locations":[{"start":{"line":14,"column":9},"end":{"line":25,"column":3}},{"start":{"line":16,"column":9},"end":{"line":25,"column":3}}],"line":14},"6":{"loc":{"start":{"line":16,"column":9},"end":{"line":25,"column":3}},"type":"if","locations":[{"start":{"line":16,"column":9},"end":{"line":25,"column":3}},{"start":{"line":21,"column":9},"end":{"line":25,"column":3}}],"line":16},"7":{"loc":{"start":{"line":17,"column":4},"end":{"line":18,"column":38}},"type":"binary-expr","locations":[{"start":{"line":17,"column":4},"end":{"line":17,"column":33}},{"start":{"line":18,"column":4},"end":{"line":18,"column":38}}],"line":17},"8":{"loc":{"start":{"line":21,"column":9},"end":{"line":25,"column":3}},"type":"if","locations":[{"start":{"line":21,"column":9},"end":{"line":25,"column":3}},{"start":{"line":23,"column":9},"end":{"line":25,"column":3}}],"line":21}},"s":{"0":1,"1":4,"2":0,"3":4,"4":0,"5":4,"6":0,"7":0,"8":4,"9":0,"10":4,"11":1,"12":3,"13":1,"14":2,"15":2,"16":0,"17":0,"18":0,"19":1},"f":{"0":4,"1":0},"b":{"0":[0,4],"1":[0,4],"2":[0,4],"3":[0,4],"4":[1,3],"5":[1,2],"6":[2,0],"7":[2,0],"8":[0,0]},"_coverageSchema":"1a1c01bbd47fc00a2c39e90264f33305004495a9","hash":"bd2b8a07319742ded1ca6ba49046fe58fa3e393c"}
,"/home/zainal/hactiv8/phase2/week3/individual project/IP-HCK71/server/models/comment.js": {"path":"/home/zainal/hactiv8/phase2/week3/individual project/IP-HCK71/server/models/comment.js","statementMap":{"0":{"start":{"line":2,"column":18},"end":{"line":2,"column":38}},"1":{"start":{"line":3,"column":0},"end":{"line":26,"column":2}},"2":{"start":{"line":12,"column":6},"end":{"line":12,"column":63}},"3":{"start":{"line":15,"column":2},"end":{"line":24,"column":4}},"4":{"start":{"line":25,"column":2},"end":{"line":25,"column":17}}},"fnMap":{"0":{"name":"(anonymous_0)","decl":{"start":{"line":3,"column":17},"end":{"line":3,"column":18}},"loc":{"start":{"line":3,"column":43},"end":{"line":26,"column":1}},"line":3},"1":{"name":"(anonymous_1)","decl":{"start":{"line":10,"column":4},"end":{"line":10,"column":5}},"loc":{"start":{"line":10,"column":29},"end":{"line":13,"column":5}},"line":10}},"branchMap":{},"s":{"0":1,"1":1,"2":1,"3":1,"4":1},"f":{"0":1,"1":1},"b":{},"_coverageSchema":"1a1c01bbd47fc00a2c39e90264f33305004495a9","hash":"eb10c4db8de9ef10368a9958dd330398114c1da0"}
,"/home/zainal/hactiv8/phase2/week3/individual project/IP-HCK71/server/models/index.js": {"path":"/home/zainal/hactiv8/phase2/week3/individual project/IP-HCK71/server/models/index.js","statementMap":{"0":{"start":{"line":3,"column":11},"end":{"line":3,"column":24}},"1":{"start":{"line":4,"column":13},"end":{"line":4,"column":28}},"2":{"start":{"line":5,"column":18},"end":{"line":5,"column":38}},"3":{"start":{"line":6,"column":16},"end":{"line":6,"column":34}},"4":{"start":{"line":7,"column":17},"end":{"line":7,"column":42}},"5":{"start":{"line":8,"column":12},"end":{"line":8,"column":49}},"6":{"start":{"line":9,"column":15},"end":{"line":9,"column":65}},"7":{"start":{"line":10,"column":11},"end":{"line":10,"column":13}},"8":{"start":{"line":13,"column":0},"end":{"line":17,"column":1}},"9":{"start":{"line":14,"column":2},"end":{"line":14,"column":74}},"10":{"start":{"line":16,"column":2},"end":{"line":16,"column":87}},"11":{"start":{"line":19,"column":0},"end":{"line":32,"column":5}},"12":{"start":{"line":22,"column":4},"end":{"line":27,"column":6}},"13":{"start":{"line":30,"column":18},"end":{"line":30,"column":85}},"14":{"start":{"line":31,"column":4},"end":{"line":31,"column":27}},"15":{"start":{"line":34,"column":0},"end":{"line":38,"column":3}},"16":{"start":{"line":35,"column":2},"end":{"line":37,"column":3}},"17":{"start":{"line":36,"column":4},"end":{"line":36,"column":32}},"18":{"start":{"line":40,"column":0},"end":{"line":40,"column":25}},"19":{"start":{"line":41,"column":0},"end":{"line":41,"column":25}},"20":{"start":{"line":43,"column":0},"end":{"line":43,"column":20}}},"fnMap":{"0":{"name":"(anonymous_0)","decl":{"start":{"line":21,"column":10},"end":{"line":21,"column":11}},"loc":{"start":{"line":21,"column":18},"end":{"line":28,"column":3}},"line":21},"1":{"name":"(anonymous_1)","decl":{"start":{"line":29,"column":11},"end":{"line":29,"column":12}},"loc":{"start":{"line":29,"column":19},"end":{"line":32,"column":3}},"line":29},"2":{"name":"(anonymous_2)","decl":{"start":{"line":34,"column":24},"end":{"line":34,"column":25}},"loc":{"start":{"line":34,"column":37},"end":{"line":38,"column":1}},"line":34}},"branchMap":{"0":{"loc":{"start":{"line":8,"column":12},"end":{"line":8,"column":49}},"type":"binary-expr","locations":[{"start":{"line":8,"column":12},"end":{"line":8,"column":32}},{"start":{"line":8,"column":36},"end":{"line":8,"column":49}}],"line":8},"1":{"loc":{"start":{"line":13,"column":0},"end":{"line":17,"column":1}},"type":"if","locations":[{"start":{"line":13,"column":0},"end":{"line":17,"column":1}},{"start":{"line":15,"column":7},"end":{"line":17,"column":1}}],"line":13},"2":{"loc":{"start":{"line":23,"column":6},"end":{"line":26,"column":37}},"type":"binary-expr","locations":[{"start":{"line":23,"column":6},"end":{"line":23,"column":29}},{"start":{"line":24,"column":6},"end":{"line":24,"column":23}},{"start":{"line":25,"column":6},"end":{"line":25,"column":30}},{"start":{"line":26,"column":6},"end":{"line":26,"column":37}}],"line":23},"3":{"loc":{"start":{"line":35,"column":2},"end":{"line":37,"column":3}},"type":"if","locations":[{"start":{"line":35,"column":2},"end":{"line":37,"column":3}},{"start":{},"end":{}}],"line":35}},"s":{"0":1,"1":1,"2":1,"3":1,"4":1,"5":1,"6":1,"7":1,"8":1,"9":0,"10":1,"11":1,"12":3,"13":2,"14":2,"15":1,"16":2,"17":2,"18":1,"19":1,"20":1},"f":{"0":3,"1":2,"2":2},"b":{"0":[1,0],"1":[0,1],"2":[3,3,2,2],"3":[2,0]},"_coverageSchema":"1a1c01bbd47fc00a2c39e90264f33305004495a9","hash":"4e9493431d72753383fc2750ca9a961f70304744"}
,"/home/zainal/hactiv8/phase2/week3/individual project/IP-HCK71/server/models/user.js": {"path":"/home/zainal/hactiv8/phase2/week3/individual project/IP-HCK71/server/models/user.js","statementMap":{"0":{"start":{"line":2,"column":25},"end":{"line":2,"column":53}},"1":{"start":{"line":4,"column":18},"end":{"line":4,"column":38}},"2":{"start":{"line":5,"column":0},"end":{"line":76,"column":2}},"3":{"start":{"line":14,"column":6},"end":{"line":14,"column":61}},"4":{"start":{"line":17,"column":2},"end":{"line":68,"column":4}},"5":{"start":{"line":70,"column":2},"end":{"line":73,"column":5}},"6":{"start":{"line":71,"column":4},"end":{"line":71,"column":24}},"7":{"start":{"line":72,"column":4},"end":{"line":72,"column":48}},"8":{"start":{"line":75,"column":2},"end":{"line":75,"column":14}}},"fnMap":{"0":{"name":"(anonymous_0)","decl":{"start":{"line":5,"column":17},"end":{"line":5,"column":18}},"loc":{"start":{"line":5,"column":43},"end":{"line":76,"column":1}},"line":5},"1":{"name":"(anonymous_1)","decl":{"start":{"line":12,"column":4},"end":{"line":12,"column":5}},"loc":{"start":{"line":12,"column":29},"end":{"line":15,"column":5}},"line":12},"2":{"name":"(anonymous_2)","decl":{"start":{"line":70,"column":20},"end":{"line":70,"column":21}},"loc":{"start":{"line":70,"column":45},"end":{"line":73,"column":3}},"line":70}},"branchMap":{},"s":{"0":1,"1":1,"2":1,"3":1,"4":1,"5":1,"6":0,"7":0,"8":1},"f":{"0":1,"1":1,"2":0},"b":{},"_coverageSchema":"1a1c01bbd47fc00a2c39e90264f33305004495a9","hash":"f3abb88771434ac2fd1da1dd8b5521dc12d8e447"}
,"/home/zainal/hactiv8/phase2/week3/individual project/IP-HCK71/server/routers/index.js": {"path":"/home/zainal/hactiv8/phase2/week3/individual project/IP-HCK71/server/routers/index.js","statementMap":{"0":{"start":{"line":1,"column":16},"end":{"line":1,"column":34}},"1":{"start":{"line":2,"column":15},"end":{"line":2,"column":31}},"2":{"start":{"line":4,"column":24},"end":{"line":4,"column":65}},"3":{"start":{"line":5,"column":27},"end":{"line":5,"column":71}},"4":{"start":{"line":6,"column":26},"end":{"line":6,"column":69}},"5":{"start":{"line":7,"column":25},"end":{"line":7,"column":62}},"6":{"start":{"line":12,"column":4},"end":{"line":12,"column":43}},"7":{"start":{"line":14,"column":0},"end":{"line":14,"column":45}},"8":{"start":{"line":15,"column":0},"end":{"line":15,"column":60}},"9":{"start":{"line":16,"column":0},"end":{"line":16,"column":54}},"10":{"start":{"line":18,"column":0},"end":{"line":18,"column":27}},"11":{"start":{"line":19,"column":0},"end":{"line":19,"column":54}},"12":{"start":{"line":20,"column":0},"end":{"line":20,"column":56}},"13":{"start":{"line":21,"column":0},"end":{"line":21,"column":80}},"14":{"start":{"line":22,"column":0},"end":{"line":26,"column":2}},"15":{"start":{"line":28,"column":0},"end":{"line":28,"column":25}},"16":{"start":{"line":30,"column":0},"end":{"line":30,"column":24}}},"fnMap":{},"branchMap":{},"s":{"0":1,"1":1,"2":1,"3":1,"4":1,"5":1,"6":1,"7":1,"8":1,"9":1,"10":1,"11":1,"12":1,"13":1,"14":1,"15":1,"16":1},"f":{},"b":{},"_coverageSchema":"1a1c01bbd47fc00a2c39e90264f33305004495a9","hash":"b60dfa7d9735b0db622e111e19b4af307e5ec359"}
}
