TN:
SF:app.js
FNF:0
FNH:0
DA:1,1
DA:2,1
DA:5,1
DA:6,1
DA:8,1
DA:10,1
DA:12,1
DA:14,1
DA:15,1
DA:17,1
DA:19,1
LF:11
LH:11
BRDA:1,0,0,1
BRDA:1,0,1,0
BRF:2
BRH:1
end_of_record
TN:
SF:controllers/CommentController.js
FN:4,(anonymous_0)
FN:20,(anonymous_1)
FN:42,(anonymous_2)
FN:61,(anonymous_3)
FN:86,oo_cm
FNF:5
FNH:0
FNDA:0,(anonymous_0)
FNDA:0,(anonymous_1)
FNDA:0,(anonymous_2)
FNDA:0,(anonymous_3)
FNDA:0,oo_cm
DA:1,1
DA:5,0
DA:6,0
DA:8,0
DA:14,0
DA:16,0
DA:17,0
DA:21,0
DA:22,0
DA:23,0
DA:25,0
DA:27,0
DA:28,0
DA:31,0
DA:36,0
DA:38,0
DA:43,0
DA:44,0
DA:46,0
DA:48,0
DA:49,0
DA:52,0
DA:54,0
DA:58,0
DA:62,0
DA:63,0
DA:72,0
DA:74,0
DA:79,1
DA:86,0
LF:30
LH:2
BRDA:27,0,0,0
BRDA:27,0,1,0
BRDA:48,1,0,0
BRDA:48,1,1,0
BRDA:86,2,0,0
BRDA:86,2,1,0
BRF:6
BRH:0
end_of_record
TN:
SF:controllers/LoginController.js
FN:8,(anonymous_0)
FN:28,(anonymous_1)
FNF:2
FNH:1
FNDA:5,(anonymous_0)
FNDA:0,(anonymous_1)
DA:1,1
DA:2,1
DA:3,1
DA:4,1
DA:5,1
DA:9,5
DA:10,5
DA:11,5
DA:12,1
DA:14,4
DA:15,1
DA:18,3
DA:19,3
DA:20,2
DA:23,1
DA:25,4
DA:29,0
DA:30,0
DA:31,0
DA:36,0
DA:38,0
DA:46,0
DA:48,0
DA:53,1
LF:24
LH:17
BRDA:11,0,0,1
BRDA:11,0,1,4
BRDA:14,1,0,1
BRDA:14,1,1,3
BRDA:19,2,0,2
BRDA:19,2,1,1
BRDA:19,3,0,3
BRDA:19,3,1,1
BRF:8
BRH:8
end_of_record
TN:
SF:controllers/MidtransController.js
FN:6,(anonymous_0)
FN:41,(anonymous_1)
FNF:2
FNH:0
FNDA:0,(anonymous_0)
FNDA:0,(anonymous_1)
DA:1,1
DA:2,1
DA:3,1
DA:7,0
DA:9,0
DA:15,0
DA:16,0
DA:18,0
DA:31,0
DA:32,0
DA:33,0
DA:37,0
DA:42,0
DA:43,0
DA:45,0
DA:46,0
DA:48,0
DA:57,0
DA:59,0
DA:64,1
LF:20
LH:4
BRF:0
BRH:0
end_of_record
TN:
SF:controllers/RegisterController.js
FN:4,(anonymous_0)
FNF:1
FNH:0
FNDA:0,(anonymous_0)
DA:1,1
DA:5,0
DA:6,0
DA:8,0
DA:14,0
DA:22,0
DA:27,1
LF:7
LH:2
BRF:0
BRH:0
end_of_record
TN:
SF:helpers/bcrypt.js
FN:3,hashPassword
FN:7,comparePassword
FNF:2
FNH:2
FNDA:1,hashPassword
FNDA:1,comparePassword
DA:1,1
DA:4,1
DA:8,1
DA:11,1
LF:4
LH:4
BRF:0
BRH:0
end_of_record
TN:
SF:helpers/jwt.js
FN:5,(anonymous_0)
FN:6,(anonymous_1)
FNF:2
FNH:1
FNDA:1,(anonymous_0)
FNDA:0,(anonymous_1)
DA:1,1
DA:2,1
DA:4,1
DA:5,1
DA:6,0
LF:5
LH:4
BRF:0
BRH:0
end_of_record
TN:
SF:middleware/authentication.js
FN:4,(anonymous_0)
FN:33,(anonymous_1)
FNF:2
FNH:0
FNDA:0,(anonymous_0)
FNDA:0,(anonymous_1)
DA:1,1
DA:2,1
DA:4,1
DA:5,0
DA:6,0
DA:7,0
DA:8,0
DA:10,0
DA:11,0
DA:12,0
DA:14,0
DA:15,0
DA:17,0
DA:19,0
DA:20,0
DA:22,0
DA:27,0
DA:29,0
DA:33,1
DA:34,0
DA:35,0
DA:36,0
DA:37,0
DA:38,0
DA:39,0
DA:41,0
DA:44,0
DA:47,0
DA:51,1
LF:29
LH:5
BRDA:7,0,0,0
BRDA:7,0,1,0
BRDA:11,1,0,0
BRDA:11,1,1,0
BRDA:11,2,0,0
BRDA:11,2,1,0
BRDA:19,3,0,0
BRDA:19,3,1,0
BRDA:36,4,0,0
BRDA:36,4,1,0
BRDA:37,5,0,0
BRDA:37,5,1,0
BRDA:38,6,0,0
BRDA:38,6,1,0
BRF:14
BRH:0
end_of_record
TN:
SF:middleware/errorhandler.js
FN:1,(anonymous_0)
FN:9,(anonymous_1)
FNF:2
FNH:1
FNDA:4,(anonymous_0)
FNDA:0,(anonymous_1)
DA:1,1
DA:2,4
DA:3,0
DA:4,4
DA:5,0
DA:6,4
DA:7,0
DA:9,0
DA:10,4
DA:11,0
DA:12,4
DA:13,1
DA:14,3
DA:15,1
DA:16,2
DA:20,2
DA:22,0
DA:26,1
LF:18
LH:12
BRDA:2,0,0,0
BRDA:2,0,1,4
BRDA:4,1,0,0
BRDA:4,1,1,4
BRDA:6,2,0,0
BRDA:6,2,1,4
BRDA:10,3,0,0
BRDA:10,3,1,4
BRDA:12,4,0,1
BRDA:12,4,1,3
BRDA:14,5,0,1
BRDA:14,5,1,2
BRDA:16,6,0,2
BRDA:16,6,1,0
BRDA:17,7,0,2
BRDA:17,7,1,0
BRF:16
BRH:10
end_of_record
TN:
SF:models/comment.js
FN:3,(anonymous_0)
FN:10,(anonymous_1)
FNF:2
FNH:2
FNDA:1,(anonymous_0)
FNDA:1,(anonymous_1)
DA:2,1
DA:3,1
DA:12,1
DA:15,1
DA:26,1
LF:5
LH:5
BRF:0
BRH:0
end_of_record
TN:
SF:models/index.js
FN:21,(anonymous_0)
FN:29,(anonymous_1)
FN:34,(anonymous_2)
FNF:3
FNH:3
FNDA:3,(anonymous_0)
FNDA:2,(anonymous_1)
FNDA:2,(anonymous_2)
DA:3,1
DA:4,1
DA:5,1
DA:6,1
DA:7,1
DA:8,1
DA:9,1
DA:10,1
DA:13,1
DA:14,0
DA:16,1
DA:19,1
DA:22,3
DA:30,2
DA:31,2
DA:34,1
DA:35,2
DA:36,2
DA:40,1
DA:41,1
DA:43,1
LF:21
LH:20
BRDA:8,0,0,1
BRDA:8,0,1,0
BRDA:13,1,0,0
BRDA:13,1,1,1
BRDA:23,2,0,3
BRDA:23,2,1,3
BRDA:23,2,2,2
BRDA:23,2,3,2
BRDA:35,3,0,2
BRDA:35,3,1,0
BRF:10
BRH:7
end_of_record
TN:
SF:models/user.js
FN:5,(anonymous_0)
FN:12,(anonymous_1)
FN:70,(anonymous_2)
FNF:3
FNH:2
FNDA:1,(anonymous_0)
FNDA:1,(anonymous_1)
FNDA:0,(anonymous_2)
DA:2,1
DA:4,1
DA:5,1
DA:14,1
DA:17,1
DA:70,1
DA:71,0
DA:72,0
DA:75,1
LF:9
LH:7
BRF:0
BRH:0
end_of_record
TN:
SF:routers/index.js
FNF:0
FNH:0
DA:1,1
DA:2,1
DA:4,1
DA:5,1
DA:6,1
DA:7,1
DA:8,1
DA:13,1
DA:15,1
DA:16,1
DA:17,1
DA:19,1
DA:20,1
DA:21,1
DA:22,1
DA:23,1
DA:28,1
DA:29,1
DA:34,1
DA:36,1
LF:20
LH:20
BRF:0
BRH:0
end_of_record
